<?xml version="1.0" encoding="UTF-8"?>
<robot generator="Robot 6.0.1 (Python 3.11.0 on win32)" generated="20230110 15:48:24.100" rpa="false" schemaversion="3">
<suite id="s1" name="Smart-ID" source="Z:\UITest\ui_test\Test\Smart-ID.robot">
<test id="s1-t1" name="Test" line="16">
<kw name="Get File" library="OperatingSystem">
<var>${body}</var>
<arg>Z:/\UITest/\ui_test/\Resources/\jsonBody.json</arg>
<arg>encoding=UTF-8</arg>
<arg>encoding_errors=strict</arg>
<doc>Returns the contents of a specified file.</doc>
<msg timestamp="20230110 15:48:24.684" level="INFO" html="true">Getting file '&lt;a href="file://Z:\UITest\ui_test\Resources\jsonBody.json"&gt;Z:\UITest\ui_test\Resources\jsonBody.json&lt;/a&gt;'.</msg>
<msg timestamp="20230110 15:48:24.700" level="INFO">${body} = {
    "relyingPartyUUID": "00000000-0000-0000-0000-000000000000",
    "relyingPartyName": "DEMO",
    "certificateLevel":"QUALIFIED",
    "hash": "ODE3N2UzMGUwNDRjMjg2ZTZjZGFkMmIyZjg4MDYyMmE2MWVlZDZiO...</msg>
<status status="PASS" starttime="20230110 15:48:24.684" endtime="20230110 15:48:24.701"/>
</kw>
<kw name="Log To Console" library="BuiltIn">
<arg>${body}</arg>
<doc>Logs the given message to the console.</doc>
<status status="PASS" starttime="20230110 15:48:24.701" endtime="20230110 15:48:24.701"/>
</kw>
<status status="PASS" starttime="20230110 15:48:24.684" endtime="20230110 15:48:24.701"/>
</test>
<status status="PASS" starttime="20230110 15:48:24.133" endtime="20230110 15:48:24.702"/>
</suite>
<statistics>
<total>
<stat pass="1" fail="0" skip="0">All Tests</stat>
</total>
<tag>
</tag>
<suite>
<stat pass="1" fail="0" skip="0" id="s1" name="Smart-ID">Smart-ID</stat>
</suite>
</statistics>
<errors>
</errors>
</robot>
